2023-10-29 15:33:21.624 [main] INFO  org.example.Main - program started
2023-10-29 15:33:33.222 [main] INFO  org.example.Main - addition completed
2023-10-29 15:33:33.226 [main] INFO  org.example.Main - program completed
2023-10-29 15:34:05.310 [main] INFO  org.example.Main - program started
2023-10-29 15:34:10.240 [main] INFO  org.example.Main - multiplication completed
2023-10-29 15:34:10.242 [main] INFO  org.example.Main - program completed
2023-10-29 15:34:21.962 [main] INFO  org.example.Main - program started
2023-10-29 15:34:32.526 [main] WARN  org.example.Main - division by zero error
2023-10-29 15:42:41.377 [main] INFO  org.example.Main - program started
2023-10-29 15:42:52.542 [main] INFO  org.example.Main - addition completed
2023-10-29 15:42:52.547 [main] INFO  org.example.Main - program completed
2023-11-11 17:25:44.982 [main] INFO  org.example.Main - program started
2023-11-11 17:25:49.596 [main] INFO  org.example.Main - division completed
2023-11-11 17:25:49.598 [main] INFO  org.example.Main - program completed
2023-11-11 17:36:56.985 [main] INFO  org.example.Main - program started
2023-11-11 17:37:04.704 [main] INFO  org.example.Main - multiplication completed
2023-11-11 17:37:04.707 [main] INFO  org.example.Main - program completed
2023-11-11 17:41:49.074 [main] INFO  org.example.Main - program started
2023-11-11 17:41:55.932 [main] INFO  org.example.Main - multiplication completed
2023-11-11 17:41:55.934 [main] INFO  org.example.Main - program completed
2023-11-12 10:35:29.688 [main] INFO  org.example.Main - program started
2023-11-12 10:35:35.907 [main] WARN  org.example.Main - division by zero error
2023-11-12 11:08:23.390 [main] INFO  org.example.Main - program started
2023-11-12 11:08:26.551 [main] INFO  org.example.Main - multiplication completed
2023-11-12 11:08:26.558 [main] INFO  org.example.Main - program completed
